<?xml version='1.0' encoding='UTF-8'?>
<testsuite hostname="GURL7N9ZK13" name="EmployeeServiceSpec" tests="5" errors="0" failures="0" skipped="0" time="0.586" timestamp="2024-02-12T16:12:55">
          <properties>
      <property name="awt.toolkit" value="sun.awt.windows.WToolkit"/><property name="java.specification.version" value="11"/><property name="sun.cpu.isalist" value="amd64"/><property name="sun.jnu.encoding" value="Cp1252"/><property name="sun.arch.data.model" value="64"/><property name="java.vendor.url" value="https://adoptium.net/"/><property name="sun.boot.library.path" value="C:\Program Files\Eclipse Foundation\jdk-11.0.12.7-hotspot\bin"/><property name="sun.java.command" value="xsbt.boot.Boot clean coverage test coverageReport"/><property name="jdk.debug" value="release"/><property name="sun.stderr.encoding" value="cp437"/><property name="java.specification.vendor" value="Oracle Corporation"/><property name="java.version.date" value="2021-07-20"/><property name="java.home" value="C:\Program Files\Eclipse Foundation\jdk-11.0.12.7-hotspot"/><property name="file.separator" value="\"/><property name="java.vm.compressedOopsMode" value="32-bit"/><property name="line.separator" value="
"/><property name="sun.stdout.encoding" value="cp437"/><property name="java.specification.name" value="Java Platform API Specification"/><property name="java.vm.specification.vendor" value="Oracle Corporation"/><property name="user.script" value=""/><property name="sun.management.compiler" value="HotSpot 64-Bit Tiered Compilers"/><property name="java.runtime.version" value="11.0.12+7"/><property name="user.name" value="m158"/><property name="log4j.ignoreTCL" value="true"/><property name="file.encoding" value="UTF-8"/><property name="jnidispatch.path" value="C:\Users\m158\AppData\Local\Temp\jna-3296007\jna867590628469201242.dll"/><property name="java.vendor.version" value="Temurin-11.0.12+7"/><property name="jna.loaded" value="true"/><property name="java.io.tmpdir" value="C:\Users\m158\AppData\Local\Temp\"/><property name="java.version" value="11.0.12"/><property name="java.vm.specification.name" value="Java Virtual Machine Specification"/><property name="java.awt.printerjob" value="sun.awt.windows.WPrinterJob"/><property name="sun.os.patch.level" value=""/><property name="java.library.path" value="C:\Program Files\Eclipse Foundation\jdk-11.0.12.7-hotspot\bin;C:\WINDOWS\Sun\Java\bin;C:\WINDOWS\system32;C:\WINDOWS;C:\Program Files\Eclipse Foundation\jdk-11.0.12.7-hotspot\bin;C:\WINDOWS\system32;C:\WINDOWS;C:\WINDOWS\System32\Wbem;C:\WINDOWS\System32\WindowsPowerShell\v1.0\;C:\WINDOWS\System32\OpenSSH\;C:\Program Files\PuTTY\;C:\Users\m158\AppData\Local\Microsoft\WindowsApps;C:\Users\m158\AppData\Local\Programs\Git\cmd;C:\Users\m158\Documents\sbt\bin;;."/><property name="java.vendor" value="Eclipse Foundation"/><property name="scala.ext.dirs" value="C:\Users\m158\.sbt\1.0\java9-rt-ext-eclipse_foundation_11_0_12"/><property name="sun.io.unicode.encoding" value="UnicodeLittle"/><property name="sun.desktop" value="windows"/><property name="java.class.path" value="C:\Users\m158\Documents\sbt\bin\sbt-launch.jar"/><property name="java.vm.vendor" value="Eclipse Foundation"/><property name="user.variant" value=""/><property name="jline.shutdownhook" value="false"/><property name="user.timezone" value="Asia/Calcutta"/><property name="os.name" value="Windows 10"/><property name="java.vm.specification.version" value="11"/><property name="sun.java.launcher" value="SUN_STANDARD"/><property name="user.country" value="IN"/><property name="sun.cpu.endian" value="little"/><property name="user.home" value="C:\Users\m158"/><property name="user.language" value="en"/><property name="sbt.ipcsocket.tmpdir" value="C:\Users\m158\AppData\Local\Temp\.sbt6be165f6\ipcsocket"/><property name="swoval.tmpdir" value="C:\Users\m158\AppData\Local\Temp\.sbt6be165f6\swoval"/><property name="java.awt.graphicsenv" value="sun.awt.Win32GraphicsEnvironment"/><property name="jline.esc.timeout" value="0"/><property name="path.separator" value=";"/><property name="os.version" value="10.0"/><property name="jna.nosys" value="true"/><property name="java.runtime.name" value="OpenJDK Runtime Environment"/><property name="java.vm.name" value="OpenJDK 64-Bit Server VM"/><property name="java.vendor.url.bug" value="https://github.com/adoptium/adoptium-support/issues"/><property name="user.dir" value="C:\Users\m158\IdeaProjects\CRUD"/><property name="os.arch" value="amd64"/><property name="java.vm.info" value="mixed mode"/><property name="java.vm.version" value="11.0.12+7"/><property name="java.class.version" value="55.0"/>
    </properties>
          <testcase classname="EmployeeServiceSpec" name="EmployeeService should add an employee" time="0.562">
                      
                    </testcase><testcase classname="EmployeeServiceSpec" name="EmployeeService should get an employee by ID" time="0.02">
                      
                    </testcase><testcase classname="EmployeeServiceSpec" name="EmployeeService should update an employee" time="0.001">
                      
                    </testcase><testcase classname="EmployeeServiceSpec" name="EmployeeService should get all employees list" time="0.002">
                      
                    </testcase><testcase classname="EmployeeServiceSpec" name="EmployeeService should delete an employee by ID" time="0.001">
                      
                    </testcase>
          <system-out><![CDATA[]]></system-out>
          <system-err><![CDATA[]]></system-err>
        </testsuite>